<?xml version="1.0" encoding="UTF-8"?>
<testsuites name="Amazon" time="18.012" tests="1" failures="0" errors="0">
   <testsuite name="Amazon" tests="1" failures="0" errors="0" time="18.012" skipped="0" timestamp="2022-10-04 21:13:21" hostname="lucyana.hermanto - N900IT6N3M.nobubank.com" id="Test Suites/Amazon">
      <properties>
         <property name="deviceName" value=""/>
         <property name="devicePlatform" value=""/>
         <property name="logFolder" value="C:\\Users\\lucyana.hermanto\\git\\Amazon_Test\\Reports\\20221004_211319\\Amazon\\20221004_211319"/>
         <property name="logFiles" value="C:\\Users\\lucyana.hermanto\\git\\Amazon_Test\\Reports\\20221004_211319\\Amazon\\20221004_211319\\execution0.log"/>
         <property name="attachments" value=""/>
         <property name="hostName" value="lucyana.hermanto - N900IT6N3M.nobubank.com"/>
         <property name="os" value="Windows 10 64bit"/>
         <property name="katalonVersion" value="8.4.1.208"/>
         <property name="browser" value="Chrome 105.0.0.0"/>
         <property name="hostAddress" value="192.168.1.6"/>
         <property name="sessionId" value="eff6bf8e9859067eef8be3909f90f596"/>
         <property name="seleniumVersion" value="3.141.59"/>
         <property name="proxyInformation" value="ProxyInformation { proxyOption=NO_PROXY, proxyServerType=HTTP, username=, password=********, proxyServerAddress=, proxyServerPort=0, executionList=&quot;&quot;, isApplyToDesiredCapabilities=true }"/>
         <property name="platform" value="Windows 10"/>
      </properties>
      <testcase name="Test Cases/TestCase/LoginAmazon" time="17.745" classname="Test Cases/TestCase/LoginAmazon" status="PASSED">
         <system-out><![CDATA[2022-10-04 21:13:22 - [TEST_CASE][PASSED] - Test Cases/TestCase/LoginAmazon: Test Cases/TestCase/LoginAmazon

2022-10-04 21:13:22 - [TEST_STEP][PASSED] - openBrowser("https://www.amazon.com/"): Browser is opened with url: 'https://www.amazon.com/'

2022-10-04 21:13:22 - [MESSAGE][INFO] - Starting 'Chrome' driver

2022-10-04 21:13:22 - [MESSAGE][INFO] - Action delay is set to 0 milliseconds

2022-10-04 21:13:28 - [MESSAGE][PASSED] - Browser is opened with url: 'https://www.amazon.com/'

2022-10-04 21:13:28 - [TEST_STEP][PASSED] - click(findTestObject("Object Repository/Page_Amazon.com. Spend less. Smile more/a_Hello, sign in  Account  Lists")): Object: 'Object Repository/Page_Amazon.com. Spend less. Smile more/a_Hello, sign in  Account  Lists' is clicked on

2022-10-04 21:13:35 - [MESSAGE][PASSED] - Object: 'Object Repository/Page_Amazon.com. Spend less. Smile more/a_Hello, sign in  Account  Lists' is clicked on

2022-10-04 21:13:35 - [TEST_STEP][PASSED] - setText(findTestObject("Object Repository/Page_Amazon Sign-In/input_Email or mobile phone number_email"), "Admin"): Text 'Admin' is set on object 'Object Repository/Page_Amazon Sign-In/input_Email or mobile phone number_email'

2022-10-04 21:13:36 - [MESSAGE][PASSED] - Text 'Admin' is set on object 'Object Repository/Page_Amazon Sign-In/input_Email or mobile phone number_email'

2022-10-04 21:13:36 - [TEST_STEP][PASSED] - click(findTestObject("Object Repository/Page_Amazon Sign-In/input_Enter your email or mobile phone numb_fc7402")): Object: 'Object Repository/Page_Amazon Sign-In/input_Enter your email or mobile phone numb_fc7402' is clicked on

2022-10-04 21:13:38 - [MESSAGE][PASSED] - Object: 'Object Repository/Page_Amazon Sign-In/input_Enter your email or mobile phone numb_fc7402' is clicked on

2022-10-04 21:13:38 - [TEST_STEP][PASSED] - getText(findTestObject("Object Repository/Page_Amazon Sign-In/h4_There was a problem")): Text of object 'Object Repository/Page_Amazon Sign-In/h4_There was a problem' is: 'There was a problem'

2022-10-04 21:13:39 - [MESSAGE][PASSED] - Text of object 'Object Repository/Page_Amazon Sign-In/h4_There was a problem' is: 'There was a problem'

2022-10-04 21:13:39 - [TEST_STEP][PASSED] - closeBrowser(): Browser is closed

2022-10-04 21:13:39 - [MESSAGE][PASSED] - Browser is closed]]></system-out>
         <system-err><![CDATA[]]></system-err>
      </testcase>
      <system-out><![CDATA[2022-10-04 21:13:21 - [TEST_SUITE][PASSED] - Amazon: Test Cases/TestCase/LoginAmazon]]></system-out>
      <system-err><![CDATA[]]></system-err>
   </testsuite>
</testsuites>
